[2020-04-27 16:22:15.819] [jointLog] [info] Fragment incompatibility prior below threshold.  Incompatible fragments will be ignored.
[2020-04-27 16:22:15.819] [jointLog] [info] Usage of --validateMappings implies use of minScoreFraction. Since not explicitly specified, it is being set to 0.65
[2020-04-27 16:22:15.819] [jointLog] [info] Usage of --validateMappings, without --hardFilter implies use of range factorization. rangeFactorizationBins is being set to 4
[2020-04-27 16:22:15.819] [jointLog] [info] Usage of --validateMappings implies a default consensus slack of 0.2. Setting consensusSlack to 0.2.
[2020-04-27 16:22:15.819] [jointLog] [info] parsing read library format
[2020-04-27 16:22:15.819] [jointLog] [info] There is 1 library.
[2020-04-27 16:22:15.915] [jointLog] [info] Loading Quasi index
[2020-04-27 16:22:15.915] [jointLog] [info] Loading 32-bit quasi index
[2020-04-27 16:22:23.987] [jointLog] [info] done
[2020-04-27 16:22:23.987] [jointLog] [info] Index contained 99,683 targets
[2020-04-27 16:22:26.532] [jointLog] [info] Automatically detected most likely library type as ISR
[2020-04-27 16:27:22.186] [jointLog] [info] Thread saw mini-batch with a maximum of 0.66% zero probability fragments
[2020-04-27 16:27:22.186] [jointLog] [info] Thread saw mini-batch with a maximum of 0.70% zero probability fragments
[2020-04-27 16:27:22.186] [jointLog] [info] Thread saw mini-batch with a maximum of 0.70% zero probability fragments
[2020-04-27 16:27:22.186] [jointLog] [info] Thread saw mini-batch with a maximum of 0.70% zero probability fragments
[2020-04-27 16:27:22.187] [jointLog] [info] Thread saw mini-batch with a maximum of 0.68% zero probability fragments
[2020-04-27 16:27:22.187] [jointLog] [info] Thread saw mini-batch with a maximum of 0.68% zero probability fragments
[2020-04-27 16:27:22.187] [jointLog] [info] Thread saw mini-batch with a maximum of 0.66% zero probability fragments
[2020-04-27 16:27:22.187] [jointLog] [info] Thread saw mini-batch with a maximum of 0.68% zero probability fragments
[2020-04-27 16:27:22.187] [jointLog] [info] Thread saw mini-batch with a maximum of 0.68% zero probability fragments
[2020-04-27 16:27:22.187] [jointLog] [info] Thread saw mini-batch with a maximum of 0.74% zero probability fragments
[2020-04-27 16:27:22.187] [jointLog] [info] Thread saw mini-batch with a maximum of 0.66% zero probability fragments
[2020-04-27 16:27:22.187] [jointLog] [info] Thread saw mini-batch with a maximum of 0.72% zero probability fragments
[2020-04-27 16:27:22.187] [jointLog] [info] Thread saw mini-batch with a maximum of 0.68% zero probability fragments
[2020-04-27 16:27:22.187] [jointLog] [info] Thread saw mini-batch with a maximum of 0.66% zero probability fragments
[2020-04-27 16:27:22.187] [jointLog] [info] Thread saw mini-batch with a maximum of 0.68% zero probability fragments
[2020-04-27 16:27:22.187] [jointLog] [info] Thread saw mini-batch with a maximum of 0.64% zero probability fragments
[2020-04-27 16:27:22.187] [jointLog] [info] Thread saw mini-batch with a maximum of 0.68% zero probability fragments
[2020-04-27 16:27:22.187] [jointLog] [info] Thread saw mini-batch with a maximum of 0.68% zero probability fragments
[2020-04-27 16:27:22.187] [jointLog] [info] Thread saw mini-batch with a maximum of 0.66% zero probability fragments
[2020-04-27 16:27:22.187] [jointLog] [info] Thread saw mini-batch with a maximum of 0.68% zero probability fragments
[2020-04-27 16:27:22.187] [jointLog] [info] Thread saw mini-batch with a maximum of 0.68% zero probability fragments
[2020-04-27 16:27:22.187] [jointLog] [info] Thread saw mini-batch with a maximum of 0.68% zero probability fragments
[2020-04-27 16:27:22.187] [jointLog] [info] Thread saw mini-batch with a maximum of 0.64% zero probability fragments
[2020-04-27 16:27:22.187] [jointLog] [info] Thread saw mini-batch with a maximum of 0.70% zero probability fragments
[2020-04-27 16:27:22.187] [jointLog] [info] Thread saw mini-batch with a maximum of 0.72% zero probability fragments
[2020-04-27 16:27:22.201] [jointLog] [info] Thread saw mini-batch with a maximum of 0.70% zero probability fragments
[2020-04-27 16:27:22.202] [jointLog] [info] Thread saw mini-batch with a maximum of 0.80% zero probability fragments
[2020-04-27 16:27:22.206] [jointLog] [info] Thread saw mini-batch with a maximum of 0.74% zero probability fragments
[2020-04-27 16:27:22.210] [jointLog] [info] Thread saw mini-batch with a maximum of 0.68% zero probability fragments
[2020-04-27 16:27:22.223] [jointLog] [info] Thread saw mini-batch with a maximum of 0.70% zero probability fragments
[2020-04-27 16:27:22.239] [jointLog] [info] Thread saw mini-batch with a maximum of 0.74% zero probability fragments
[2020-04-27 16:27:22.252] [jointLog] [info] Thread saw mini-batch with a maximum of 0.70% zero probability fragments
[2020-04-27 16:27:22.280] [jointLog] [info] Thread saw mini-batch with a maximum of 0.72% zero probability fragments
[2020-04-27 16:27:22.312] [jointLog] [info] Thread saw mini-batch with a maximum of 0.62% zero probability fragments
[2020-04-27 16:27:22.312] [jointLog] [info] Thread saw mini-batch with a maximum of 0.80% zero probability fragments
[2020-04-27 16:27:22.339] [jointLog] [info] Thread saw mini-batch with a maximum of 0.70% zero probability fragments
[2020-04-27 16:27:22.353] [jointLog] [info] Thread saw mini-batch with a maximum of 0.68% zero probability fragments
[2020-04-27 16:27:22.358] [jointLog] [info] Thread saw mini-batch with a maximum of 0.72% zero probability fragments
[2020-04-27 16:27:22.373] [jointLog] [info] Thread saw mini-batch with a maximum of 0.68% zero probability fragments
[2020-04-27 16:27:22.374] [jointLog] [info] Thread saw mini-batch with a maximum of 0.68% zero probability fragments
[2020-04-27 16:27:22.403] [jointLog] [info] Thread saw mini-batch with a maximum of 0.72% zero probability fragments
[2020-04-27 16:27:22.422] [jointLog] [info] Thread saw mini-batch with a maximum of 0.68% zero probability fragments
[2020-04-27 16:27:22.443] [jointLog] [info] Thread saw mini-batch with a maximum of 0.70% zero probability fragments
[2020-04-27 16:27:22.448] [jointLog] [info] Thread saw mini-batch with a maximum of 0.74% zero probability fragments
[2020-04-27 16:27:22.487] [jointLog] [info] Thread saw mini-batch with a maximum of 0.70% zero probability fragments
[2020-04-27 16:27:22.504] [jointLog] [info] Thread saw mini-batch with a maximum of 0.78% zero probability fragments
[2020-04-27 16:27:22.523] [jointLog] [info] Thread saw mini-batch with a maximum of 0.68% zero probability fragments
[2020-04-27 16:27:22.571] [jointLog] [info] Thread saw mini-batch with a maximum of 0.68% zero probability fragments
[2020-04-27 16:27:23.429] [fileLog] [info] 
At end of round 0
==================
Observed 87507320 total fragments (87507320 in most recent round)

[2020-04-27 16:27:23.428] [jointLog] [info] Computed 501,231 rich equivalence classes for further processing
[2020-04-27 16:27:23.428] [jointLog] [info] Counted 30,628,874 total reads in the equivalence classes 
[2020-04-27 16:27:23.510] [jointLog] [info] Number of mappings discarded because of alignment score : 4,497,326
[2020-04-27 16:27:23.510] [jointLog] [info] Number of fragments entirely discarded because of alignment score : 6,194,431
[2020-04-27 16:27:23.510] [jointLog] [info] Number of fragments discarded because they are best-mapped to decoys : 739,309
[2020-04-27 16:27:23.510] [jointLog] [info] Number of fragments discarded because they have only dovetail (discordant) mappings : 16,687,068
[2020-04-27 16:27:23.510] [jointLog] [info] Mapping rate = 35.0015%

[2020-04-27 16:27:23.510] [jointLog] [info] finished quantifyLibrary()
[2020-04-27 16:27:23.510] [jointLog] [info] Starting optimizer
[2020-04-27 16:27:23.626] [jointLog] [info] Marked 0 weighted equivalence classes as degenerate
[2020-04-27 16:27:23.638] [jointLog] [info] iteration = 0 | max rel diff. = 11736.6
[2020-04-27 16:27:23.691] [jointLog] [info] iteration 11, adjusting effective lengths to account for biases
[2020-04-27 16:27:31.493] [jointLog] [info] Computed expected counts (for bias correction)
[2020-04-27 16:27:31.493] [jointLog] [info] processed bias for 0.0% of the transcripts
[2020-04-27 16:27:32.698] [jointLog] [info] processed bias for 10.0% of the transcripts
[2020-04-27 16:27:33.879] [jointLog] [info] processed bias for 20.0% of the transcripts
[2020-04-27 16:27:35.048] [jointLog] [info] processed bias for 30.0% of the transcripts
[2020-04-27 16:27:36.171] [jointLog] [info] processed bias for 40.0% of the transcripts
[2020-04-27 16:27:37.297] [jointLog] [info] processed bias for 50.0% of the transcripts
[2020-04-27 16:27:38.300] [jointLog] [info] processed bias for 60.0% of the transcripts
[2020-04-27 16:27:39.276] [jointLog] [info] processed bias for 70.0% of the transcripts
[2020-04-27 16:27:40.173] [jointLog] [info] processed bias for 100.0% of the transcripts
[2020-04-27 16:27:40.650] [jointLog] [info] iteration = 100 | max rel diff. = 8.42162
[2020-04-27 16:27:41.172] [jointLog] [info] iteration = 200 | max rel diff. = 4.50851
[2020-04-27 16:27:41.695] [jointLog] [info] iteration = 300 | max rel diff. = 3.54558
[2020-04-27 16:27:42.223] [jointLog] [info] iteration = 400 | max rel diff. = 2.34033
[2020-04-27 16:27:42.767] [jointLog] [info] iteration = 500 | max rel diff. = 0.966158
[2020-04-27 16:27:43.285] [jointLog] [info] iteration = 600 | max rel diff. = 1.61127
[2020-04-27 16:27:43.789] [jointLog] [info] iteration = 700 | max rel diff. = 0.0876524
[2020-04-27 16:27:44.305] [jointLog] [info] iteration = 800 | max rel diff. = 0.399217
[2020-04-27 16:27:44.812] [jointLog] [info] iteration = 900 | max rel diff. = 0.0256246
[2020-04-27 16:27:45.315] [jointLog] [info] iteration = 1,000 | max rel diff. = 2.84354
[2020-04-27 16:27:45.818] [jointLog] [info] iteration = 1,100 | max rel diff. = 0.0314669
[2020-04-27 16:27:46.321] [jointLog] [info] iteration = 1,200 | max rel diff. = 0.357544
[2020-04-27 16:27:46.441] [jointLog] [info] iteration = 1,225 | max rel diff. = 0.00815842
[2020-04-27 16:27:46.452] [jointLog] [info] Finished optimizer
[2020-04-27 16:27:46.452] [jointLog] [info] writing output 

