[2020-04-27 16:01:18.332] [jointLog] [info] Fragment incompatibility prior below threshold.  Incompatible fragments will be ignored.
[2020-04-27 16:01:18.332] [jointLog] [info] Usage of --validateMappings implies use of minScoreFraction. Since not explicitly specified, it is being set to 0.65
[2020-04-27 16:01:18.332] [jointLog] [info] Usage of --validateMappings, without --hardFilter implies use of range factorization. rangeFactorizationBins is being set to 4
[2020-04-27 16:01:18.332] [jointLog] [info] Usage of --validateMappings implies a default consensus slack of 0.2. Setting consensusSlack to 0.2.
[2020-04-27 16:01:18.332] [jointLog] [info] parsing read library format
[2020-04-27 16:01:18.332] [jointLog] [info] There is 1 library.
[2020-04-27 16:01:18.414] [jointLog] [info] Loading Quasi index
[2020-04-27 16:01:18.414] [jointLog] [info] Loading 32-bit quasi index
[2020-04-27 16:01:26.556] [jointLog] [info] done
[2020-04-27 16:01:26.556] [jointLog] [info] Index contained 99,683 targets
[2020-04-27 16:01:28.985] [jointLog] [info] Automatically detected most likely library type as ISR
[2020-04-27 16:03:36.877] [jointLog] [info] Thread saw mini-batch with a maximum of 0.96% zero probability fragments
[2020-04-27 16:03:36.877] [jointLog] [info] Thread saw mini-batch with a maximum of 0.92% zero probability fragments
[2020-04-27 16:03:36.877] [jointLog] [info] Thread saw mini-batch with a maximum of 0.86% zero probability fragments
[2020-04-27 16:03:36.877] [jointLog] [info] Thread saw mini-batch with a maximum of 0.88% zero probability fragments
[2020-04-27 16:03:36.877] [jointLog] [info] Thread saw mini-batch with a maximum of 0.92% zero probability fragments
[2020-04-27 16:03:36.877] [jointLog] [info] Thread saw mini-batch with a maximum of 1.04% zero probability fragments
[2020-04-27 16:03:36.877] [jointLog] [info] Thread saw mini-batch with a maximum of 0.90% zero probability fragments
[2020-04-27 16:03:36.877] [jointLog] [info] Thread saw mini-batch with a maximum of 0.90% zero probability fragments
[2020-04-27 16:03:36.877] [jointLog] [info] Thread saw mini-batch with a maximum of 0.86% zero probability fragments
[2020-04-27 16:03:36.877] [jointLog] [info] Thread saw mini-batch with a maximum of 0.90% zero probability fragments
[2020-04-27 16:03:36.877] [jointLog] [info] Thread saw mini-batch with a maximum of 0.96% zero probability fragments
[2020-04-27 16:03:36.877] [jointLog] [info] Thread saw mini-batch with a maximum of 1.00% zero probability fragments
[2020-04-27 16:03:36.877] [jointLog] [info] Thread saw mini-batch with a maximum of 0.92% zero probability fragments
[2020-04-27 16:03:36.877] [jointLog] [info] Thread saw mini-batch with a maximum of 0.88% zero probability fragments
[2020-04-27 16:03:36.877] [jointLog] [info] Thread saw mini-batch with a maximum of 1.02% zero probability fragments
[2020-04-27 16:03:36.877] [jointLog] [info] Thread saw mini-batch with a maximum of 0.86% zero probability fragments
[2020-04-27 16:03:36.877] [jointLog] [info] Thread saw mini-batch with a maximum of 0.94% zero probability fragments
[2020-04-27 16:03:36.877] [jointLog] [info] Thread saw mini-batch with a maximum of 1.00% zero probability fragments
[2020-04-27 16:03:36.877] [jointLog] [info] Thread saw mini-batch with a maximum of 0.92% zero probability fragments
[2020-04-27 16:03:36.877] [jointLog] [info] Thread saw mini-batch with a maximum of 1.20% zero probability fragments
[2020-04-27 16:03:36.878] [jointLog] [info] Thread saw mini-batch with a maximum of 0.92% zero probability fragments
[2020-04-27 16:03:36.878] [jointLog] [info] Thread saw mini-batch with a maximum of 0.86% zero probability fragments
[2020-04-27 16:03:36.878] [jointLog] [info] Thread saw mini-batch with a maximum of 1.00% zero probability fragments
[2020-04-27 16:03:36.878] [jointLog] [info] Thread saw mini-batch with a maximum of 0.92% zero probability fragments
[2020-04-27 16:03:36.878] [jointLog] [info] Thread saw mini-batch with a maximum of 0.90% zero probability fragments
[2020-04-27 16:03:36.895] [jointLog] [info] Thread saw mini-batch with a maximum of 1.00% zero probability fragments
[2020-04-27 16:03:36.905] [jointLog] [info] Thread saw mini-batch with a maximum of 0.82% zero probability fragments
[2020-04-27 16:03:36.916] [jointLog] [info] Thread saw mini-batch with a maximum of 0.90% zero probability fragments
[2020-04-27 16:03:36.919] [jointLog] [info] Thread saw mini-batch with a maximum of 0.96% zero probability fragments
[2020-04-27 16:03:36.940] [jointLog] [info] Thread saw mini-batch with a maximum of 0.92% zero probability fragments
[2020-04-27 16:03:36.951] [jointLog] [info] Thread saw mini-batch with a maximum of 1.02% zero probability fragments
[2020-04-27 16:03:37.010] [jointLog] [info] Thread saw mini-batch with a maximum of 1.04% zero probability fragments
[2020-04-27 16:03:37.014] [jointLog] [info] Thread saw mini-batch with a maximum of 0.96% zero probability fragments
[2020-04-27 16:03:37.021] [jointLog] [info] Thread saw mini-batch with a maximum of 0.92% zero probability fragments
[2020-04-27 16:03:37.040] [jointLog] [info] Thread saw mini-batch with a maximum of 0.90% zero probability fragments
[2020-04-27 16:03:37.051] [jointLog] [info] Thread saw mini-batch with a maximum of 0.92% zero probability fragments
[2020-04-27 16:03:37.057] [jointLog] [info] Thread saw mini-batch with a maximum of 0.94% zero probability fragments
[2020-04-27 16:03:37.058] [jointLog] [info] Thread saw mini-batch with a maximum of 0.94% zero probability fragments
[2020-04-27 16:03:37.064] [jointLog] [info] Thread saw mini-batch with a maximum of 0.90% zero probability fragments
[2020-04-27 16:03:37.090] [jointLog] [info] Thread saw mini-batch with a maximum of 0.92% zero probability fragments
[2020-04-27 16:03:37.096] [jointLog] [info] Thread saw mini-batch with a maximum of 0.94% zero probability fragments
[2020-04-27 16:03:37.162] [jointLog] [info] Thread saw mini-batch with a maximum of 0.94% zero probability fragments
[2020-04-27 16:03:37.163] [jointLog] [info] Thread saw mini-batch with a maximum of 0.94% zero probability fragments
[2020-04-27 16:03:37.174] [jointLog] [info] Thread saw mini-batch with a maximum of 0.98% zero probability fragments
[2020-04-27 16:03:37.222] [jointLog] [info] Thread saw mini-batch with a maximum of 0.90% zero probability fragments
[2020-04-27 16:03:37.225] [jointLog] [info] Thread saw mini-batch with a maximum of 1.02% zero probability fragments
[2020-04-27 16:03:37.227] [jointLog] [info] Thread saw mini-batch with a maximum of 1.00% zero probability fragments
[2020-04-27 16:03:37.265] [jointLog] [info] Thread saw mini-batch with a maximum of 0.94% zero probability fragments
[2020-04-27 16:03:37.823] [jointLog] [info] Computed 317,904 rich equivalence classes for further processing
[2020-04-27 16:03:37.823] [jointLog] [info] Counted 12,178,069 total reads in the equivalence classes 
[2020-04-27 16:03:37.891] [jointLog] [info] Number of mappings discarded because of alignment score : 1,647,999
[2020-04-27 16:03:37.891] [jointLog] [info] Number of fragments entirely discarded because of alignment score : 2,791,621
[2020-04-27 16:03:37.891] [jointLog] [info] Number of fragments discarded because they are best-mapped to decoys : 387,092
[2020-04-27 16:03:37.891] [jointLog] [info] Number of fragments discarded because they have only dovetail (discordant) mappings : 7,691,189
[2020-04-27 16:03:37.891] [jointLog] [info] Mapping rate = 33.2808%

[2020-04-27 16:03:37.891] [jointLog] [info] finished quantifyLibrary()
[2020-04-27 16:03:37.891] [jointLog] [info] Starting optimizer
[2020-04-27 16:03:37.977] [jointLog] [info] Marked 0 weighted equivalence classes as degenerate
[2020-04-27 16:03:37.983] [jointLog] [info] iteration = 0 | max rel diff. = 8992.06
[2020-04-27 16:03:38.024] [jointLog] [info] iteration 11, adjusting effective lengths to account for biases
[2020-04-27 16:03:37.824] [fileLog] [info] 
At end of round 0
==================
Observed 36591920 total fragments (36591920 in most recent round)

[2020-04-27 16:03:41.512] [jointLog] [info] Computed expected counts (for bias correction)
[2020-04-27 16:03:41.512] [jointLog] [info] processed bias for 0.0% of the transcripts
[2020-04-27 16:03:42.096] [jointLog] [info] processed bias for 10.0% of the transcripts
[2020-04-27 16:03:42.684] [jointLog] [info] processed bias for 20.0% of the transcripts
[2020-04-27 16:03:43.286] [jointLog] [info] processed bias for 30.0% of the transcripts
[2020-04-27 16:03:43.902] [jointLog] [info] processed bias for 40.0% of the transcripts
[2020-04-27 16:03:44.526] [jointLog] [info] processed bias for 50.0% of the transcripts
[2020-04-27 16:03:45.140] [jointLog] [info] processed bias for 60.0% of the transcripts
[2020-04-27 16:03:45.776] [jointLog] [info] processed bias for 70.0% of the transcripts
[2020-04-27 16:03:45.877] [jointLog] [info] processed bias for 100.0% of the transcripts
[2020-04-27 16:03:46.237] [jointLog] [info] iteration = 100 | max rel diff. = 15.0229
[2020-04-27 16:03:46.651] [jointLog] [info] iteration = 200 | max rel diff. = 1.34915
[2020-04-27 16:03:47.068] [jointLog] [info] iteration = 300 | max rel diff. = 0.463442
[2020-04-27 16:03:47.441] [jointLog] [info] iteration = 400 | max rel diff. = 3.70282
[2020-04-27 16:03:47.807] [jointLog] [info] iteration = 500 | max rel diff. = 0.383906
[2020-04-27 16:03:48.173] [jointLog] [info] iteration = 600 | max rel diff. = 0.228579
[2020-04-27 16:03:48.540] [jointLog] [info] iteration = 700 | max rel diff. = 0.273591
[2020-04-27 16:03:48.910] [jointLog] [info] iteration = 800 | max rel diff. = 0.600722
[2020-04-27 16:03:49.278] [jointLog] [info] iteration = 900 | max rel diff. = 0.112252
[2020-04-27 16:03:49.644] [jointLog] [info] iteration = 1,000 | max rel diff. = 0.0748049
[2020-04-27 16:03:50.011] [jointLog] [info] iteration = 1,100 | max rel diff. = 0.177383
[2020-04-27 16:03:50.386] [jointLog] [info] iteration = 1,200 | max rel diff. = 0.511382
[2020-04-27 16:03:50.760] [jointLog] [info] iteration = 1,300 | max rel diff. = 0.700995
[2020-04-27 16:03:50.837] [jointLog] [info] iteration = 1,322 | max rel diff. = 0.00741739
[2020-04-27 16:03:50.847] [jointLog] [info] Finished optimizer
[2020-04-27 16:03:50.847] [jointLog] [info] writing output 

