[2020-04-27 16:09:26.198] [jointLog] [info] Fragment incompatibility prior below threshold.  Incompatible fragments will be ignored.
[2020-04-27 16:09:26.198] [jointLog] [info] Usage of --validateMappings implies use of minScoreFraction. Since not explicitly specified, it is being set to 0.65
[2020-04-27 16:09:26.198] [jointLog] [info] Usage of --validateMappings, without --hardFilter implies use of range factorization. rangeFactorizationBins is being set to 4
[2020-04-27 16:09:26.198] [jointLog] [info] Usage of --validateMappings implies a default consensus slack of 0.2. Setting consensusSlack to 0.2.
[2020-04-27 16:09:26.198] [jointLog] [info] parsing read library format
[2020-04-27 16:09:26.198] [jointLog] [info] There is 1 library.
[2020-04-27 16:09:26.283] [jointLog] [info] Loading Quasi index
[2020-04-27 16:09:26.283] [jointLog] [info] Loading 32-bit quasi index
[2020-04-27 16:09:34.648] [jointLog] [info] done
[2020-04-27 16:09:34.648] [jointLog] [info] Index contained 99,683 targets
[2020-04-27 16:09:37.003] [jointLog] [info] Automatically detected most likely library type as ISR
[2020-04-27 16:12:09.733] [jointLog] [info] Thread saw mini-batch with a maximum of 0.56% zero probability fragments
[2020-04-27 16:12:09.733] [jointLog] [info] Thread saw mini-batch with a maximum of 0.66% zero probability fragments
[2020-04-27 16:12:09.733] [jointLog] [info] Thread saw mini-batch with a maximum of 0.54% zero probability fragments
[2020-04-27 16:12:09.733] [jointLog] [info] Thread saw mini-batch with a maximum of 0.64% zero probability fragments
[2020-04-27 16:12:09.733] [jointLog] [info] Thread saw mini-batch with a maximum of 0.64% zero probability fragments
[2020-04-27 16:12:09.733] [jointLog] [info] Thread saw mini-batch with a maximum of 0.58% zero probability fragments
[2020-04-27 16:12:09.733] [jointLog] [info] Thread saw mini-batch with a maximum of 0.58% zero probability fragments
[2020-04-27 16:12:09.733] [jointLog] [info] Thread saw mini-batch with a maximum of 0.62% zero probability fragments
[2020-04-27 16:12:09.733] [jointLog] [info] Thread saw mini-batch with a maximum of 0.62% zero probability fragments
[2020-04-27 16:12:09.733] [jointLog] [info] Thread saw mini-batch with a maximum of 0.64% zero probability fragments
[2020-04-27 16:12:09.733] [jointLog] [info] Thread saw mini-batch with a maximum of 0.64% zero probability fragments
[2020-04-27 16:12:09.733] [jointLog] [info] Thread saw mini-batch with a maximum of 0.60% zero probability fragments
[2020-04-27 16:12:09.733] [jointLog] [info] Thread saw mini-batch with a maximum of 0.66% zero probability fragments
[2020-04-27 16:12:09.733] [jointLog] [info] Thread saw mini-batch with a maximum of 0.68% zero probability fragments
[2020-04-27 16:12:09.733] [jointLog] [info] Thread saw mini-batch with a maximum of 0.60% zero probability fragments
[2020-04-27 16:12:09.733] [jointLog] [info] Thread saw mini-batch with a maximum of 0.60% zero probability fragments
[2020-04-27 16:12:09.733] [jointLog] [info] Thread saw mini-batch with a maximum of 0.68% zero probability fragments
[2020-04-27 16:12:09.733] [jointLog] [info] Thread saw mini-batch with a maximum of 0.62% zero probability fragments
[2020-04-27 16:12:09.733] [jointLog] [info] Thread saw mini-batch with a maximum of 0.56% zero probability fragments
[2020-04-27 16:12:09.733] [jointLog] [info] Thread saw mini-batch with a maximum of 0.58% zero probability fragments
[2020-04-27 16:12:09.733] [jointLog] [info] Thread saw mini-batch with a maximum of 0.62% zero probability fragments
[2020-04-27 16:12:09.733] [jointLog] [info] Thread saw mini-batch with a maximum of 0.64% zero probability fragments
[2020-04-27 16:12:09.733] [jointLog] [info] Thread saw mini-batch with a maximum of 0.64% zero probability fragments
[2020-04-27 16:12:09.733] [jointLog] [info] Thread saw mini-batch with a maximum of 0.56% zero probability fragments
[2020-04-27 16:12:09.733] [jointLog] [info] Thread saw mini-batch with a maximum of 0.56% zero probability fragments
[2020-04-27 16:12:09.733] [jointLog] [info] Thread saw mini-batch with a maximum of 0.60% zero probability fragments
[2020-04-27 16:12:09.733] [jointLog] [info] Thread saw mini-batch with a maximum of 0.72% zero probability fragments
[2020-04-27 16:12:09.763] [jointLog] [info] Thread saw mini-batch with a maximum of 0.66% zero probability fragments
[2020-04-27 16:12:09.768] [jointLog] [info] Thread saw mini-batch with a maximum of 0.68% zero probability fragments
[2020-04-27 16:12:09.770] [jointLog] [info] Thread saw mini-batch with a maximum of 0.60% zero probability fragments
[2020-04-27 16:12:09.787] [jointLog] [info] Thread saw mini-batch with a maximum of 0.56% zero probability fragments
[2020-04-27 16:12:09.791] [jointLog] [info] Thread saw mini-batch with a maximum of 0.62% zero probability fragments
[2020-04-27 16:12:09.806] [jointLog] [info] Thread saw mini-batch with a maximum of 0.56% zero probability fragments
[2020-04-27 16:12:09.817] [jointLog] [info] Thread saw mini-batch with a maximum of 0.60% zero probability fragments
[2020-04-27 16:12:09.840] [jointLog] [info] Thread saw mini-batch with a maximum of 0.54% zero probability fragments
[2020-04-27 16:12:09.846] [jointLog] [info] Thread saw mini-batch with a maximum of 0.62% zero probability fragments
[2020-04-27 16:12:09.880] [jointLog] [info] Thread saw mini-batch with a maximum of 0.56% zero probability fragments
[2020-04-27 16:12:09.890] [jointLog] [info] Thread saw mini-batch with a maximum of 0.64% zero probability fragments
[2020-04-27 16:12:09.892] [jointLog] [info] Thread saw mini-batch with a maximum of 0.60% zero probability fragments
[2020-04-27 16:12:09.913] [jointLog] [info] Thread saw mini-batch with a maximum of 0.60% zero probability fragments
[2020-04-27 16:12:09.923] [jointLog] [info] Thread saw mini-batch with a maximum of 0.56% zero probability fragments
[2020-04-27 16:12:09.950] [jointLog] [info] Thread saw mini-batch with a maximum of 0.56% zero probability fragments
[2020-04-27 16:12:09.977] [jointLog] [info] Thread saw mini-batch with a maximum of 0.64% zero probability fragments
[2020-04-27 16:12:09.988] [jointLog] [info] Thread saw mini-batch with a maximum of 0.58% zero probability fragments
[2020-04-27 16:12:10.002] [jointLog] [info] Thread saw mini-batch with a maximum of 0.66% zero probability fragments
[2020-04-27 16:12:10.008] [jointLog] [info] Thread saw mini-batch with a maximum of 0.70% zero probability fragments
[2020-04-27 16:12:10.016] [jointLog] [info] Thread saw mini-batch with a maximum of 0.70% zero probability fragments
[2020-04-27 16:12:10.053] [jointLog] [info] Thread saw mini-batch with a maximum of 0.56% zero probability fragments
[2020-04-27 16:12:10.508] [jointLog] [info] Computed 371,317 rich equivalence classes for further processing
[2020-04-27 16:12:10.508] [jointLog] [info] Counted 15,490,659 total reads in the equivalence classes 
[2020-04-27 16:12:10.569] [jointLog] [info] Number of mappings discarded because of alignment score : 1,684,721
[2020-04-27 16:12:10.569] [jointLog] [info] Number of fragments entirely discarded because of alignment score : 2,870,721
[2020-04-27 16:12:10.569] [jointLog] [info] Number of fragments discarded because they are best-mapped to decoys : 317,425
[2020-04-27 16:12:10.569] [jointLog] [info] Number of fragments discarded because they have only dovetail (discordant) mappings : 9,470,979
[2020-04-27 16:12:10.569] [jointLog] [info] Mapping rate = 35.4149%

[2020-04-27 16:12:10.569] [jointLog] [info] finished quantifyLibrary()
[2020-04-27 16:12:10.569] [jointLog] [info] Starting optimizer
[2020-04-27 16:12:10.647] [jointLog] [info] Marked 0 weighted equivalence classes as degenerate
[2020-04-27 16:12:10.653] [jointLog] [info] iteration = 0 | max rel diff. = 10585.1
[2020-04-27 16:12:10.697] [jointLog] [info] iteration 11, adjusting effective lengths to account for biases
[2020-04-27 16:12:10.509] [fileLog] [info] 
At end of round 0
==================
Observed 43740498 total fragments (43740498 in most recent round)

[2020-04-27 16:12:15.374] [jointLog] [info] Computed expected counts (for bias correction)
[2020-04-27 16:12:15.374] [jointLog] [info] processed bias for 0.0% of the transcripts
[2020-04-27 16:12:16.194] [jointLog] [info] processed bias for 10.0% of the transcripts
[2020-04-27 16:12:17.044] [jointLog] [info] processed bias for 20.0% of the transcripts
[2020-04-27 16:12:17.894] [jointLog] [info] processed bias for 30.0% of the transcripts
[2020-04-27 16:12:18.695] [jointLog] [info] processed bias for 40.0% of the transcripts
[2020-04-27 16:12:19.442] [jointLog] [info] processed bias for 50.0% of the transcripts
[2020-04-27 16:12:20.180] [jointLog] [info] processed bias for 60.0% of the transcripts
[2020-04-27 16:12:20.912] [jointLog] [info] processed bias for 70.0% of the transcripts
[2020-04-27 16:12:21.119] [jointLog] [info] processed bias for 100.0% of the transcripts
[2020-04-27 16:12:21.483] [jointLog] [info] iteration = 100 | max rel diff. = 17.4471
[2020-04-27 16:12:21.900] [jointLog] [info] iteration = 200 | max rel diff. = 7.46728
[2020-04-27 16:12:22.305] [jointLog] [info] iteration = 300 | max rel diff. = 1.70456
[2020-04-27 16:12:22.704] [jointLog] [info] iteration = 400 | max rel diff. = 4.00486
[2020-04-27 16:12:23.105] [jointLog] [info] iteration = 500 | max rel diff. = 0.115763
[2020-04-27 16:12:23.504] [jointLog] [info] iteration = 600 | max rel diff. = 0.89133
[2020-04-27 16:12:23.905] [jointLog] [info] iteration = 700 | max rel diff. = 0.0851542
[2020-04-27 16:12:24.331] [jointLog] [info] iteration = 800 | max rel diff. = 0.0822708
[2020-04-27 16:12:24.758] [jointLog] [info] iteration = 900 | max rel diff. = 0.123438
[2020-04-27 16:12:25.212] [jointLog] [info] iteration = 1,000 | max rel diff. = 0.0855508
[2020-04-27 16:12:25.362] [jointLog] [info] iteration = 1,035 | max rel diff. = 0.00981635
[2020-04-27 16:12:25.372] [jointLog] [info] Finished optimizer
[2020-04-27 16:12:25.372] [jointLog] [info] writing output 

